Starting backend via Python script...
Started process with PID: 12785
INFO:core.integrated_ss_api:CORS allowed_origins=['*']
INFO:     Started server process [12785]
INFO:     Waiting for application startup.
INFO:     Application startup complete.
INFO:     Uvicorn running on http://0.0.0.0:8000 (Press CTRL+C to quit)
Process is still running after 3 seconds.
INFO:     127.0.0.1:51940 - "OPTIONS /api/auth/login HTTP/1.1" 200 OK
INFO:httpx:HTTP Request: POST https://jtpbkdzlwvtydpbjmjxc.supabase.co/auth/v1/token?grant_type=password "HTTP/2 200 OK"
INFO:     127.0.0.1:51940 - "POST /api/auth/login HTTP/1.1" 200 OK
INFO:httpx:HTTP Request: GET https://jtpbkdzlwvtydpbjmjxc.supabase.co/auth/v1/user "HTTP/2 200 OK"
INFO:httpx:HTTP Request: GET https://jtpbkdzlwvtydpbjmjxc.supabase.co/rest/v1/profiles?select=%2A&id=eq.66786e49-143f-40c0-bb32-3a10f50ab609 "HTTP/2 200 OK"
INFO:httpx:HTTP Request: GET https://jtpbkdzlwvtydpbjmjxc.supabase.co/rest/v1/partners?select=%2A&user_id=eq.66786e49-143f-40c0-bb32-3a10f50ab609 "HTTP/2 200 OK"
INFO:httpx:HTTP Request: GET https://jtpbkdzlwvtydpbjmjxc.supabase.co/rest/v1/children?select=%2A&user_id=eq.66786e49-143f-40c0-bb32-3a10f50ab609 "HTTP/2 200 OK"
INFO:httpx:HTTP Request: GET https://jtpbkdzlwvtydpbjmjxc.supabase.co/rest/v1/calculator_preferences?select=%2A&user_id=eq.66786e49-143f-40c0-bb32-3a10f50ab609 "HTTP/2 200 OK"
INFO:     127.0.0.1:51940 - "GET /api/profiles/me/full HTTP/1.1" 200 OK
INFO:httpx:HTTP Request: GET https://jtpbkdzlwvtydpbjmjxc.supabase.co/auth/v1/user "HTTP/2 200 OK"
INFO:httpx:HTTP Request: GET https://jtpbkdzlwvtydpbjmjxc.supabase.co/rest/v1/calculator_preferences?select=calculator_states&user_id=eq.66786e49-143f-40c0-bb32-3a10f50ab609 "HTTP/2 400 Bad Request"
Traceback (most recent call last):
  File "/Users/kurtzahner/Desktop/ss-calc-oct-25-main/backend/api/preferences.py", line 117, in update_preferences
    current_response = supabase.table('calculator_preferences').select('calculator_states').eq('user_id', user_id).single().execute()
                       ^^^^^^^^^^^^^^^^^^^^^^^^^^^^^^^^^^^^^^^^^^^^^^^^^^^^^^^^^^^^^^^^^^^^^^^^^^^^^^^^^^^^^^^^^^^^^^^^^^^^^^^^^^^^^^
  File "/Users/kurtzahner/Desktop/ss-calc-oct-25-main/backend/venv/lib/python3.12/site-packages/postgrest/_sync/request_builder.py", line 127, in execute
    raise APIError(r.json())
postgrest.exceptions.APIError: {'code': '42703', 'details': None, 'hint': None, 'message': 'column calculator_preferences.calculator_states does not exist'}
Update preferences error: {'code': '42703', 'details': None, 'hint': None, 'message': 'column calculator_preferences.calculator_states does not exist'}
INFO:     127.0.0.1:51940 - "PUT /api/preferences HTTP/1.1" 500 Internal Server Error
INFO:httpx:HTTP Request: GET https://jtpbkdzlwvtydpbjmjxc.supabase.co/auth/v1/user "HTTP/2 200 OK"
INFO:httpx:HTTP Request: GET https://jtpbkdzlwvtydpbjmjxc.supabase.co/rest/v1/calculator_preferences?select=calculator_states&user_id=eq.66786e49-143f-40c0-bb32-3a10f50ab609 "HTTP/2 400 Bad Request"
Traceback (most recent call last):
  File "/Users/kurtzahner/Desktop/ss-calc-oct-25-main/backend/api/preferences.py", line 117, in update_preferences
    current_response = supabase.table('calculator_preferences').select('calculator_states').eq('user_id', user_id).single().execute()
                       ^^^^^^^^^^^^^^^^^^^^^^^^^^^^^^^^^^^^^^^^^^^^^^^^^^^^^^^^^^^^^^^^^^^^^^^^^^^^^^^^^^^^^^^^^^^^^^^^^^^^^^^^^^^^^^
  File "/Users/kurtzahner/Desktop/ss-calc-oct-25-main/backend/venv/lib/python3.12/site-packages/postgrest/_sync/request_builder.py", line 127, in execute
    raise APIError(r.json())
postgrest.exceptions.APIError: {'code': '42703', 'details': None, 'hint': None, 'message': 'column calculator_preferences.calculator_states does not exist'}
Update preferences error: {'code': '42703', 'details': None, 'hint': None, 'message': 'column calculator_preferences.calculator_states does not exist'}
INFO:     127.0.0.1:51982 - "PUT /api/preferences HTTP/1.1" 500 Internal Server Error
INFO:httpx:HTTP Request: GET https://jtpbkdzlwvtydpbjmjxc.supabase.co/auth/v1/user "HTTP/2 200 OK"
INFO:httpx:HTTP Request: GET https://jtpbkdzlwvtydpbjmjxc.supabase.co/rest/v1/calculator_preferences?select=calculator_states&user_id=eq.66786e49-143f-40c0-bb32-3a10f50ab609 "HTTP/2 400 Bad Request"
Traceback (most recent call last):
  File "/Users/kurtzahner/Desktop/ss-calc-oct-25-main/backend/api/preferences.py", line 117, in update_preferences
    current_response = supabase.table('calculator_preferences').select('calculator_states').eq('user_id', user_id).single().execute()
                       ^^^^^^^^^^^^^^^^^^^^^^^^^^^^^^^^^^^^^^^^^^^^^^^^^^^^^^^^^^^^^^^^^^^^^^^^^^^^^^^^^^^^^^^^^^^^^^^^^^^^^^^^^^^^^^
  File "/Users/kurtzahner/Desktop/ss-calc-oct-25-main/backend/venv/lib/python3.12/site-packages/postgrest/_sync/request_builder.py", line 127, in execute
    raise APIError(r.json())
postgrest.exceptions.APIError: {'code': '42703', 'details': None, 'hint': None, 'message': 'column calculator_preferences.calculator_states does not exist'}
Update preferences error: {'code': '42703', 'details': None, 'hint': None, 'message': 'column calculator_preferences.calculator_states does not exist'}
INFO:     127.0.0.1:51995 - "PUT /api/preferences HTTP/1.1" 500 Internal Server Error
INFO:     127.0.0.1:51995 - "OPTIONS /api/profiles/me HTTP/1.1" 200 OK
INFO:httpx:HTTP Request: GET https://jtpbkdzlwvtydpbjmjxc.supabase.co/auth/v1/user "HTTP/2 200 OK"
INFO:httpx:HTTP Request: PATCH https://jtpbkdzlwvtydpbjmjxc.supabase.co/rest/v1/profiles?id=eq.66786e49-143f-40c0-bb32-3a10f50ab609 "HTTP/2 200 OK"
DEBUG: update_profile for user_id: 66786e49-143f-40c0-bb32-3a10f50ab609
DEBUG: update response data: [{'id': '66786e49-143f-40c0-bb32-3a10f50ab609', 'first_name': 'Ted', 'last_name': 'Tester', 'date_of_birth': '1966-01-02', 'relationship_status': 'married', 'pia_at_fra': 2500.0, 'already_receiving_benefits': False, 'current_monthly_benefit': None, 'filed_age_years': None, 'filed_age_months': None, 'preferred_claiming_age_years': 67, 'preferred_claiming_age_months': 0, 'onboarding_completed_at': '2026-01-18T16:08:18.199799+00:00', 'created_at': '2026-01-18T15:30:15.443075+00:00', 'updated_at': '2026-01-18T19:02:33.145937+00:00', 'is_disabled': False, 'ever_divorced': False, 'ever_widowed': False, 'divorce_count': 0, 'widow_count': 0}]
INFO:     127.0.0.1:51995 - "PUT /api/profiles/me HTTP/1.1" 200 OK
INFO:httpx:HTTP Request: GET https://jtpbkdzlwvtydpbjmjxc.supabase.co/auth/v1/user "HTTP/2 200 OK"
INFO:httpx:HTTP Request: GET https://jtpbkdzlwvtydpbjmjxc.supabase.co/rest/v1/calculator_preferences?select=calculator_states&user_id=eq.66786e49-143f-40c0-bb32-3a10f50ab609 "HTTP/2 400 Bad Request"
Traceback (most recent call last):
  File "/Users/kurtzahner/Desktop/ss-calc-oct-25-main/backend/api/preferences.py", line 117, in update_preferences
    current_response = supabase.table('calculator_preferences').select('calculator_states').eq('user_id', user_id).single().execute()
                       ^^^^^^^^^^^^^^^^^^^^^^^^^^^^^^^^^^^^^^^^^^^^^^^^^^^^^^^^^^^^^^^^^^^^^^^^^^^^^^^^^^^^^^^^^^^^^^^^^^^^^^^^^^^^^^
  File "/Users/kurtzahner/Desktop/ss-calc-oct-25-main/backend/venv/lib/python3.12/site-packages/postgrest/_sync/request_builder.py", line 127, in execute
    raise APIError(r.json())
postgrest.exceptions.APIError: {'code': '42703', 'details': None, 'hint': None, 'message': 'column calculator_preferences.calculator_states does not exist'}
Update preferences error: {'code': '42703', 'details': None, 'hint': None, 'message': 'column calculator_preferences.calculator_states does not exist'}
INFO:     127.0.0.1:51995 - "PUT /api/preferences HTTP/1.1" 500 Internal Server Error
INFO:httpx:HTTP Request: GET https://jtpbkdzlwvtydpbjmjxc.supabase.co/auth/v1/user "HTTP/2 200 OK"
INFO:httpx:HTTP Request: PATCH https://jtpbkdzlwvtydpbjmjxc.supabase.co/rest/v1/profiles?id=eq.66786e49-143f-40c0-bb32-3a10f50ab609 "HTTP/2 200 OK"
DEBUG: update_profile for user_id: 66786e49-143f-40c0-bb32-3a10f50ab609
DEBUG: update response data: [{'id': '66786e49-143f-40c0-bb32-3a10f50ab609', 'first_name': 'Ted', 'last_name': 'Tester', 'date_of_birth': '1966-01-02', 'relationship_status': 'married', 'pia_at_fra': 2500.0, 'already_receiving_benefits': False, 'current_monthly_benefit': None, 'filed_age_years': None, 'filed_age_months': None, 'preferred_claiming_age_years': 67, 'preferred_claiming_age_months': 0, 'onboarding_completed_at': '2026-01-18T16:08:18.199799+00:00', 'created_at': '2026-01-18T15:30:15.443075+00:00', 'updated_at': '2026-01-18T19:02:40.85407+00:00', 'is_disabled': False, 'ever_divorced': False, 'ever_widowed': False, 'divorce_count': 0, 'widow_count': 0}]
INFO:     127.0.0.1:52034 - "PUT /api/profiles/me HTTP/1.1" 200 OK
INFO:httpx:HTTP Request: GET https://jtpbkdzlwvtydpbjmjxc.supabase.co/auth/v1/user "HTTP/2 200 OK"
INFO:httpx:HTTP Request: GET https://jtpbkdzlwvtydpbjmjxc.supabase.co/rest/v1/calculator_preferences?select=calculator_states&user_id=eq.66786e49-143f-40c0-bb32-3a10f50ab609 "HTTP/2 400 Bad Request"
Traceback (most recent call last):
  File "/Users/kurtzahner/Desktop/ss-calc-oct-25-main/backend/api/preferences.py", line 117, in update_preferences
    current_response = supabase.table('calculator_preferences').select('calculator_states').eq('user_id', user_id).single().execute()
                       ^^^^^^^^^^^^^^^^^^^^^^^^^^^^^^^^^^^^^^^^^^^^^^^^^^^^^^^^^^^^^^^^^^^^^^^^^^^^^^^^^^^^^^^^^^^^^^^^^^^^^^^^^^^^^^
  File "/Users/kurtzahner/Desktop/ss-calc-oct-25-main/backend/venv/lib/python3.12/site-packages/postgrest/_sync/request_builder.py", line 127, in execute
    raise APIError(r.json())
postgrest.exceptions.APIError: {'code': '42703', 'details': None, 'hint': None, 'message': 'column calculator_preferences.calculator_states does not exist'}
Update preferences error: {'code': '42703', 'details': None, 'hint': None, 'message': 'column calculator_preferences.calculator_states does not exist'}
INFO:     127.0.0.1:52034 - "PUT /api/preferences HTTP/1.1" 500 Internal Server Error
INFO:httpx:HTTP Request: GET https://jtpbkdzlwvtydpbjmjxc.supabase.co/auth/v1/user "HTTP/2 200 OK"
INFO:httpx:HTTP Request: GET https://jtpbkdzlwvtydpbjmjxc.supabase.co/rest/v1/calculator_preferences?select=id&user_id=eq.66786e49-143f-40c0-bb32-3a10f50ab609 "HTTP/2 200 OK"
INFO:httpx:HTTP Request: PATCH https://jtpbkdzlwvtydpbjmjxc.supabase.co/rest/v1/calculator_preferences?user_id=eq.66786e49-143f-40c0-bb32-3a10f50ab609 "HTTP/2 200 OK"
INFO:     127.0.0.1:52067 - "PUT /api/preferences HTTP/1.1" 200 OK
INFO:httpx:HTTP Request: GET https://jtpbkdzlwvtydpbjmjxc.supabase.co/auth/v1/user "HTTP/2 200 OK"
INFO:httpx:HTTP Request: GET https://jtpbkdzlwvtydpbjmjxc.supabase.co/rest/v1/calculator_preferences?select=calculator_states&user_id=eq.66786e49-143f-40c0-bb32-3a10f50ab609 "HTTP/2 400 Bad Request"
Traceback (most recent call last):
  File "/Users/kurtzahner/Desktop/ss-calc-oct-25-main/backend/api/preferences.py", line 117, in update_preferences
    current_response = supabase.table('calculator_preferences').select('calculator_states').eq('user_id', user_id).single().execute()
                       ^^^^^^^^^^^^^^^^^^^^^^^^^^^^^^^^^^^^^^^^^^^^^^^^^^^^^^^^^^^^^^^^^^^^^^^^^^^^^^^^^^^^^^^^^^^^^^^^^^^^^^^^^^^^^^
  File "/Users/kurtzahner/Desktop/ss-calc-oct-25-main/backend/venv/lib/python3.12/site-packages/postgrest/_sync/request_builder.py", line 127, in execute
    raise APIError(r.json())
postgrest.exceptions.APIError: {'code': '42703', 'details': None, 'hint': None, 'message': 'column calculator_preferences.calculator_states does not exist'}
Update preferences error: {'code': '42703', 'details': None, 'hint': None, 'message': 'column calculator_preferences.calculator_states does not exist'}
INFO:     127.0.0.1:52121 - "PUT /api/preferences HTTP/1.1" 500 Internal Server Error
INFO:     127.0.0.1:52136 - "OPTIONS /calculate-widow HTTP/1.1" 200 OK
INFO:     127.0.0.1:52136 - "POST /calculate-widow HTTP/1.1" 200 OK
INFO:httpx:HTTP Request: GET https://jtpbkdzlwvtydpbjmjxc.supabase.co/auth/v1/user "HTTP/2 200 OK"
INFO:httpx:HTTP Request: GET https://jtpbkdzlwvtydpbjmjxc.supabase.co/rest/v1/calculator_preferences?select=calculator_states&user_id=eq.66786e49-143f-40c0-bb32-3a10f50ab609 "HTTP/2 400 Bad Request"
Traceback (most recent call last):
  File "/Users/kurtzahner/Desktop/ss-calc-oct-25-main/backend/api/preferences.py", line 117, in update_preferences
    current_response = supabase.table('calculator_preferences').select('calculator_states').eq('user_id', user_id).single().execute()
                       ^^^^^^^^^^^^^^^^^^^^^^^^^^^^^^^^^^^^^^^^^^^^^^^^^^^^^^^^^^^^^^^^^^^^^^^^^^^^^^^^^^^^^^^^^^^^^^^^^^^^^^^^^^^^^^
  File "/Users/kurtzahner/Desktop/ss-calc-oct-25-main/backend/venv/lib/python3.12/site-packages/postgrest/_sync/request_builder.py", line 127, in execute
    raise APIError(r.json())
postgrest.exceptions.APIError: {'code': '42703', 'details': None, 'hint': None, 'message': 'column calculator_preferences.calculator_states does not exist'}
Update preferences error: {'code': '42703', 'details': None, 'hint': None, 'message': 'column calculator_preferences.calculator_states does not exist'}
INFO:     127.0.0.1:52171 - "PUT /api/preferences HTTP/1.1" 500 Internal Server Error
INFO:httpx:HTTP Request: POST https://jtpbkdzlwvtydpbjmjxc.supabase.co/auth/v1/token?grant_type=password "HTTP/2 200 OK"
INFO:     127.0.0.1:52405 - "POST /api/auth/login HTTP/1.1" 200 OK
INFO:     127.0.0.1:52405 - "OPTIONS /api/profiles/me/full HTTP/1.1" 200 OK
INFO:httpx:HTTP Request: GET https://jtpbkdzlwvtydpbjmjxc.supabase.co/auth/v1/user "HTTP/2 200 OK"
INFO:httpx:HTTP Request: GET https://jtpbkdzlwvtydpbjmjxc.supabase.co/rest/v1/profiles?select=%2A&id=eq.66786e49-143f-40c0-bb32-3a10f50ab609 "HTTP/2 200 OK"
INFO:httpx:HTTP Request: GET https://jtpbkdzlwvtydpbjmjxc.supabase.co/rest/v1/partners?select=%2A&user_id=eq.66786e49-143f-40c0-bb32-3a10f50ab609 "HTTP/2 200 OK"
INFO:httpx:HTTP Request: GET https://jtpbkdzlwvtydpbjmjxc.supabase.co/rest/v1/children?select=%2A&user_id=eq.66786e49-143f-40c0-bb32-3a10f50ab609 "HTTP/2 200 OK"
INFO:httpx:HTTP Request: GET https://jtpbkdzlwvtydpbjmjxc.supabase.co/rest/v1/calculator_preferences?select=%2A&user_id=eq.66786e49-143f-40c0-bb32-3a10f50ab609 "HTTP/2 200 OK"
INFO:     127.0.0.1:52405 - "GET /api/profiles/me/full HTTP/1.1" 200 OK
INFO:     127.0.0.1:52405 - "OPTIONS /api/preferences HTTP/1.1" 200 OK
INFO:httpx:HTTP Request: GET https://jtpbkdzlwvtydpbjmjxc.supabase.co/auth/v1/user "HTTP/2 200 OK"
INFO:httpx:HTTP Request: GET https://jtpbkdzlwvtydpbjmjxc.supabase.co/rest/v1/calculator_preferences?select=calculator_states&user_id=eq.66786e49-143f-40c0-bb32-3a10f50ab609 "HTTP/2 400 Bad Request"
Traceback (most recent call last):
  File "/Users/kurtzahner/Desktop/ss-calc-oct-25-main/backend/api/preferences.py", line 117, in update_preferences
    current_response = supabase.table('calculator_preferences').select('calculator_states').eq('user_id', user_id).single().execute()
                       ^^^^^^^^^^^^^^^^^^^^^^^^^^^^^^^^^^^^^^^^^^^^^^^^^^^^^^^^^^^^^^^^^^^^^^^^^^^^^^^^^^^^^^^^^^^^^^^^^^^^^^^^^^^^^^
  File "/Users/kurtzahner/Desktop/ss-calc-oct-25-main/backend/venv/lib/python3.12/site-packages/postgrest/_sync/request_builder.py", line 127, in execute
    raise APIError(r.json())
postgrest.exceptions.APIError: {'code': '42703', 'details': None, 'hint': None, 'message': 'column calculator_preferences.calculator_states does not exist'}
Update preferences error: {'code': '42703', 'details': None, 'hint': None, 'message': 'column calculator_preferences.calculator_states does not exist'}
INFO:     127.0.0.1:52405 - "PUT /api/preferences HTTP/1.1" 500 Internal Server Error
INFO:httpx:HTTP Request: GET https://jtpbkdzlwvtydpbjmjxc.supabase.co/auth/v1/user "HTTP/2 200 OK"
INFO:httpx:HTTP Request: GET https://jtpbkdzlwvtydpbjmjxc.supabase.co/rest/v1/calculator_preferences?select=calculator_states&user_id=eq.66786e49-143f-40c0-bb32-3a10f50ab609 "HTTP/2 400 Bad Request"
Traceback (most recent call last):
  File "/Users/kurtzahner/Desktop/ss-calc-oct-25-main/backend/api/preferences.py", line 117, in update_preferences
    current_response = supabase.table('calculator_preferences').select('calculator_states').eq('user_id', user_id).single().execute()
                       ^^^^^^^^^^^^^^^^^^^^^^^^^^^^^^^^^^^^^^^^^^^^^^^^^^^^^^^^^^^^^^^^^^^^^^^^^^^^^^^^^^^^^^^^^^^^^^^^^^^^^^^^^^^^^^
  File "/Users/kurtzahner/Desktop/ss-calc-oct-25-main/backend/venv/lib/python3.12/site-packages/postgrest/_sync/request_builder.py", line 127, in execute
    raise APIError(r.json())
postgrest.exceptions.APIError: {'code': '42703', 'details': None, 'hint': None, 'message': 'column calculator_preferences.calculator_states does not exist'}
Update preferences error: {'code': '42703', 'details': None, 'hint': None, 'message': 'column calculator_preferences.calculator_states does not exist'}
INFO:     127.0.0.1:52435 - "PUT /api/preferences HTTP/1.1" 500 Internal Server Error
INFO:httpx:HTTP Request: GET https://jtpbkdzlwvtydpbjmjxc.supabase.co/auth/v1/user "HTTP/2 200 OK"
INFO:httpx:HTTP Request: GET https://jtpbkdzlwvtydpbjmjxc.supabase.co/rest/v1/calculator_preferences?select=calculator_states&user_id=eq.66786e49-143f-40c0-bb32-3a10f50ab609 "HTTP/2 400 Bad Request"
Traceback (most recent call last):
  File "/Users/kurtzahner/Desktop/ss-calc-oct-25-main/backend/api/preferences.py", line 117, in update_preferences
    current_response = supabase.table('calculator_preferences').select('calculator_states').eq('user_id', user_id).single().execute()
                       ^^^^^^^^^^^^^^^^^^^^^^^^^^^^^^^^^^^^^^^^^^^^^^^^^^^^^^^^^^^^^^^^^^^^^^^^^^^^^^^^^^^^^^^^^^^^^^^^^^^^^^^^^^^^^^
  File "/Users/kurtzahner/Desktop/ss-calc-oct-25-main/backend/venv/lib/python3.12/site-packages/postgrest/_sync/request_builder.py", line 127, in execute
    raise APIError(r.json())
postgrest.exceptions.APIError: {'code': '42703', 'details': None, 'hint': None, 'message': 'column calculator_preferences.calculator_states does not exist'}
Update preferences error: {'code': '42703', 'details': None, 'hint': None, 'message': 'column calculator_preferences.calculator_states does not exist'}
INFO:     127.0.0.1:52435 - "PUT /api/preferences HTTP/1.1" 500 Internal Server Error
INFO:httpx:HTTP Request: GET https://jtpbkdzlwvtydpbjmjxc.supabase.co/auth/v1/user "HTTP/2 200 OK"
INFO:httpx:HTTP Request: GET https://jtpbkdzlwvtydpbjmjxc.supabase.co/rest/v1/calculator_preferences?select=calculator_states&user_id=eq.66786e49-143f-40c0-bb32-3a10f50ab609 "HTTP/2 400 Bad Request"
Traceback (most recent call last):
  File "/Users/kurtzahner/Desktop/ss-calc-oct-25-main/backend/api/preferences.py", line 117, in update_preferences
    current_response = supabase.table('calculator_preferences').select('calculator_states').eq('user_id', user_id).single().execute()
                       ^^^^^^^^^^^^^^^^^^^^^^^^^^^^^^^^^^^^^^^^^^^^^^^^^^^^^^^^^^^^^^^^^^^^^^^^^^^^^^^^^^^^^^^^^^^^^^^^^^^^^^^^^^^^^^
  File "/Users/kurtzahner/Desktop/ss-calc-oct-25-main/backend/venv/lib/python3.12/site-packages/postgrest/_sync/request_builder.py", line 127, in execute
    raise APIError(r.json())
postgrest.exceptions.APIError: {'code': '42703', 'details': None, 'hint': None, 'message': 'column calculator_preferences.calculator_states does not exist'}
Update preferences error: {'code': '42703', 'details': None, 'hint': None, 'message': 'column calculator_preferences.calculator_states does not exist'}
INFO:     127.0.0.1:52435 - "PUT /api/preferences HTTP/1.1" 500 Internal Server Error
INFO:httpx:HTTP Request: GET https://jtpbkdzlwvtydpbjmjxc.supabase.co/auth/v1/user "HTTP/2 200 OK"
INFO:httpx:HTTP Request: PATCH https://jtpbkdzlwvtydpbjmjxc.supabase.co/rest/v1/profiles?id=eq.66786e49-143f-40c0-bb32-3a10f50ab609 "HTTP/2 200 OK"
DEBUG: update_profile for user_id: 66786e49-143f-40c0-bb32-3a10f50ab609
DEBUG: update response data: [{'id': '66786e49-143f-40c0-bb32-3a10f50ab609', 'first_name': 'Ted', 'last_name': 'Tester', 'date_of_birth': '1966-01-02', 'relationship_status': 'married', 'pia_at_fra': 2500.0, 'already_receiving_benefits': False, 'current_monthly_benefit': None, 'filed_age_years': None, 'filed_age_months': None, 'preferred_claiming_age_years': 67, 'preferred_claiming_age_months': 0, 'onboarding_completed_at': '2026-01-18T16:08:18.199799+00:00', 'created_at': '2026-01-18T15:30:15.443075+00:00', 'updated_at': '2026-01-18T19:09:22.34988+00:00', 'is_disabled': False, 'ever_divorced': False, 'ever_widowed': False, 'divorce_count': 0, 'widow_count': 0}]
INFO:     127.0.0.1:52455 - "PUT /api/profiles/me HTTP/1.1" 200 OK
INFO:httpx:HTTP Request: GET https://jtpbkdzlwvtydpbjmjxc.supabase.co/auth/v1/user "HTTP/2 200 OK"
INFO:httpx:HTTP Request: GET https://jtpbkdzlwvtydpbjmjxc.supabase.co/rest/v1/calculator_preferences?select=calculator_states&user_id=eq.66786e49-143f-40c0-bb32-3a10f50ab609 "HTTP/2 400 Bad Request"
Traceback (most recent call last):
  File "/Users/kurtzahner/Desktop/ss-calc-oct-25-main/backend/api/preferences.py", line 117, in update_preferences
    current_response = supabase.table('calculator_preferences').select('calculator_states').eq('user_id', user_id).single().execute()
                       ^^^^^^^^^^^^^^^^^^^^^^^^^^^^^^^^^^^^^^^^^^^^^^^^^^^^^^^^^^^^^^^^^^^^^^^^^^^^^^^^^^^^^^^^^^^^^^^^^^^^^^^^^^^^^^
  File "/Users/kurtzahner/Desktop/ss-calc-oct-25-main/backend/venv/lib/python3.12/site-packages/postgrest/_sync/request_builder.py", line 127, in execute
    raise APIError(r.json())
postgrest.exceptions.APIError: {'code': '42703', 'details': None, 'hint': None, 'message': 'column calculator_preferences.calculator_states does not exist'}
Update preferences error: {'code': '42703', 'details': None, 'hint': None, 'message': 'column calculator_preferences.calculator_states does not exist'}
INFO:     127.0.0.1:52455 - "PUT /api/preferences HTTP/1.1" 500 Internal Server Error
INFO:httpx:HTTP Request: GET https://jtpbkdzlwvtydpbjmjxc.supabase.co/auth/v1/user "HTTP/2 200 OK"
INFO:httpx:HTTP Request: GET https://jtpbkdzlwvtydpbjmjxc.supabase.co/rest/v1/calculator_preferences?select=calculator_states&user_id=eq.66786e49-143f-40c0-bb32-3a10f50ab609 "HTTP/2 400 Bad Request"
Traceback (most recent call last):
  File "/Users/kurtzahner/Desktop/ss-calc-oct-25-main/backend/api/preferences.py", line 117, in update_preferences
    current_response = supabase.table('calculator_preferences').select('calculator_states').eq('user_id', user_id).single().execute()
                       ^^^^^^^^^^^^^^^^^^^^^^^^^^^^^^^^^^^^^^^^^^^^^^^^^^^^^^^^^^^^^^^^^^^^^^^^^^^^^^^^^^^^^^^^^^^^^^^^^^^^^^^^^^^^^^
  File "/Users/kurtzahner/Desktop/ss-calc-oct-25-main/backend/venv/lib/python3.12/site-packages/postgrest/_sync/request_builder.py", line 127, in execute
    raise APIError(r.json())
postgrest.exceptions.APIError: {'code': '42703', 'details': None, 'hint': None, 'message': 'column calculator_preferences.calculator_states does not exist'}
Update preferences error: {'code': '42703', 'details': None, 'hint': None, 'message': 'column calculator_preferences.calculator_states does not exist'}
INFO:     127.0.0.1:52510 - "PUT /api/preferences HTTP/1.1" 500 Internal Server Error
INFO:     127.0.0.1:52525 - "POST /calculate-widow HTTP/1.1" 200 OK
INFO:httpx:HTTP Request: GET https://jtpbkdzlwvtydpbjmjxc.supabase.co/auth/v1/user "HTTP/2 200 OK"
INFO:httpx:HTTP Request: GET https://jtpbkdzlwvtydpbjmjxc.supabase.co/rest/v1/calculator_preferences?select=calculator_states&user_id=eq.66786e49-143f-40c0-bb32-3a10f50ab609 "HTTP/2 400 Bad Request"
Traceback (most recent call last):
  File "/Users/kurtzahner/Desktop/ss-calc-oct-25-main/backend/api/preferences.py", line 117, in update_preferences
    current_response = supabase.table('calculator_preferences').select('calculator_states').eq('user_id', user_id).single().execute()
                       ^^^^^^^^^^^^^^^^^^^^^^^^^^^^^^^^^^^^^^^^^^^^^^^^^^^^^^^^^^^^^^^^^^^^^^^^^^^^^^^^^^^^^^^^^^^^^^^^^^^^^^^^^^^^^^
  File "/Users/kurtzahner/Desktop/ss-calc-oct-25-main/backend/venv/lib/python3.12/site-packages/postgrest/_sync/request_builder.py", line 127, in execute
    raise APIError(r.json())
postgrest.exceptions.APIError: {'code': '42703', 'details': None, 'hint': None, 'message': 'column calculator_preferences.calculator_states does not exist'}
Update preferences error: {'code': '42703', 'details': None, 'hint': None, 'message': 'column calculator_preferences.calculator_states does not exist'}
INFO:     127.0.0.1:52542 - "PUT /api/preferences HTTP/1.1" 500 Internal Server Error
INFO:httpx:HTTP Request: GET https://jtpbkdzlwvtydpbjmjxc.supabase.co/auth/v1/user "HTTP/2 200 OK"
INFO:httpx:HTTP Request: GET https://jtpbkdzlwvtydpbjmjxc.supabase.co/rest/v1/calculator_preferences?select=calculator_states&user_id=eq.66786e49-143f-40c0-bb32-3a10f50ab609 "HTTP/2 400 Bad Request"
Traceback (most recent call last):
  File "/Users/kurtzahner/Desktop/ss-calc-oct-25-main/backend/api/preferences.py", line 117, in update_preferences
    current_response = supabase.table('calculator_preferences').select('calculator_states').eq('user_id', user_id).single().execute()
                       ^^^^^^^^^^^^^^^^^^^^^^^^^^^^^^^^^^^^^^^^^^^^^^^^^^^^^^^^^^^^^^^^^^^^^^^^^^^^^^^^^^^^^^^^^^^^^^^^^^^^^^^^^^^^^^
  File "/Users/kurtzahner/Desktop/ss-calc-oct-25-main/backend/venv/lib/python3.12/site-packages/postgrest/_sync/request_builder.py", line 127, in execute
    raise APIError(r.json())
postgrest.exceptions.APIError: {'code': '42703', 'details': None, 'hint': None, 'message': 'column calculator_preferences.calculator_states does not exist'}
Update preferences error: {'code': '42703', 'details': None, 'hint': None, 'message': 'column calculator_preferences.calculator_states does not exist'}
INFO:     127.0.0.1:53558 - "PUT /api/preferences HTTP/1.1" 500 Internal Server Error
INFO:     127.0.0.1:53802 - "OPTIONS /api/auth/login HTTP/1.1" 200 OK
INFO:httpx:HTTP Request: POST https://jtpbkdzlwvtydpbjmjxc.supabase.co/auth/v1/token?grant_type=password "HTTP/2 200 OK"
INFO:     127.0.0.1:53802 - "POST /api/auth/login HTTP/1.1" 200 OK
INFO:httpx:HTTP Request: GET https://jtpbkdzlwvtydpbjmjxc.supabase.co/auth/v1/user "HTTP/2 200 OK"
INFO:httpx:HTTP Request: GET https://jtpbkdzlwvtydpbjmjxc.supabase.co/rest/v1/profiles?select=%2A&id=eq.66786e49-143f-40c0-bb32-3a10f50ab609 "HTTP/2 200 OK"
INFO:httpx:HTTP Request: GET https://jtpbkdzlwvtydpbjmjxc.supabase.co/rest/v1/partners?select=%2A&user_id=eq.66786e49-143f-40c0-bb32-3a10f50ab609 "HTTP/2 200 OK"
INFO:httpx:HTTP Request: GET https://jtpbkdzlwvtydpbjmjxc.supabase.co/rest/v1/children?select=%2A&user_id=eq.66786e49-143f-40c0-bb32-3a10f50ab609 "HTTP/2 200 OK"
INFO:httpx:HTTP Request: GET https://jtpbkdzlwvtydpbjmjxc.supabase.co/rest/v1/calculator_preferences?select=%2A&user_id=eq.66786e49-143f-40c0-bb32-3a10f50ab609 "HTTP/2 200 OK"
INFO:     127.0.0.1:53802 - "GET /api/profiles/me/full HTTP/1.1" 200 OK
INFO:httpx:HTTP Request: GET https://jtpbkdzlwvtydpbjmjxc.supabase.co/auth/v1/user "HTTP/2 200 OK"
INFO:httpx:HTTP Request: GET https://jtpbkdzlwvtydpbjmjxc.supabase.co/rest/v1/calculator_preferences?select=calculator_states&user_id=eq.66786e49-143f-40c0-bb32-3a10f50ab609 "HTTP/2 400 Bad Request"
Traceback (most recent call last):
  File "/Users/kurtzahner/Desktop/ss-calc-oct-25-main/backend/api/preferences.py", line 117, in update_preferences
    current_response = supabase.table('calculator_preferences').select('calculator_states').eq('user_id', user_id).single().execute()
                       ^^^^^^^^^^^^^^^^^^^^^^^^^^^^^^^^^^^^^^^^^^^^^^^^^^^^^^^^^^^^^^^^^^^^^^^^^^^^^^^^^^^^^^^^^^^^^^^^^^^^^^^^^^^^^^
  File "/Users/kurtzahner/Desktop/ss-calc-oct-25-main/backend/venv/lib/python3.12/site-packages/postgrest/_sync/request_builder.py", line 127, in execute
    raise APIError(r.json())
postgrest.exceptions.APIError: {'code': '42703', 'details': None, 'hint': None, 'message': 'column calculator_preferences.calculator_states does not exist'}
Update preferences error: {'code': '42703', 'details': None, 'hint': None, 'message': 'column calculator_preferences.calculator_states does not exist'}
INFO:     127.0.0.1:53818 - "PUT /api/preferences HTTP/1.1" 500 Internal Server Error
INFO:httpx:HTTP Request: GET https://jtpbkdzlwvtydpbjmjxc.supabase.co/auth/v1/user "HTTP/2 200 OK"
INFO:httpx:HTTP Request: GET https://jtpbkdzlwvtydpbjmjxc.supabase.co/rest/v1/calculator_preferences?select=calculator_states&user_id=eq.66786e49-143f-40c0-bb32-3a10f50ab609 "HTTP/2 400 Bad Request"
Traceback (most recent call last):
  File "/Users/kurtzahner/Desktop/ss-calc-oct-25-main/backend/api/preferences.py", line 117, in update_preferences
    current_response = supabase.table('calculator_preferences').select('calculator_states').eq('user_id', user_id).single().execute()
                       ^^^^^^^^^^^^^^^^^^^^^^^^^^^^^^^^^^^^^^^^^^^^^^^^^^^^^^^^^^^^^^^^^^^^^^^^^^^^^^^^^^^^^^^^^^^^^^^^^^^^^^^^^^^^^^
  File "/Users/kurtzahner/Desktop/ss-calc-oct-25-main/backend/venv/lib/python3.12/site-packages/postgrest/_sync/request_builder.py", line 127, in execute
    raise APIError(r.json())
postgrest.exceptions.APIError: {'code': '42703', 'details': None, 'hint': None, 'message': 'column calculator_preferences.calculator_states does not exist'}
Update preferences error: {'code': '42703', 'details': None, 'hint': None, 'message': 'column calculator_preferences.calculator_states does not exist'}
INFO:     127.0.0.1:53853 - "PUT /api/preferences HTTP/1.1" 500 Internal Server Error
INFO:     127.0.0.1:53853 - "OPTIONS /calculate-widow HTTP/1.1" 200 OK
INFO:     127.0.0.1:53853 - "POST /calculate-widow HTTP/1.1" 200 OK
INFO:httpx:HTTP Request: GET https://jtpbkdzlwvtydpbjmjxc.supabase.co/auth/v1/user "HTTP/2 200 OK"
INFO:httpx:HTTP Request: GET https://jtpbkdzlwvtydpbjmjxc.supabase.co/rest/v1/calculator_preferences?select=calculator_states&user_id=eq.66786e49-143f-40c0-bb32-3a10f50ab609 "HTTP/2 400 Bad Request"
Traceback (most recent call last):
  File "/Users/kurtzahner/Desktop/ss-calc-oct-25-main/backend/api/preferences.py", line 117, in update_preferences
    current_response = supabase.table('calculator_preferences').select('calculator_states').eq('user_id', user_id).single().execute()
                       ^^^^^^^^^^^^^^^^^^^^^^^^^^^^^^^^^^^^^^^^^^^^^^^^^^^^^^^^^^^^^^^^^^^^^^^^^^^^^^^^^^^^^^^^^^^^^^^^^^^^^^^^^^^^^^
  File "/Users/kurtzahner/Desktop/ss-calc-oct-25-main/backend/venv/lib/python3.12/site-packages/postgrest/_sync/request_builder.py", line 127, in execute
    raise APIError(r.json())
postgrest.exceptions.APIError: {'code': '42703', 'details': None, 'hint': None, 'message': 'column calculator_preferences.calculator_states does not exist'}
Update preferences error: {'code': '42703', 'details': None, 'hint': None, 'message': 'column calculator_preferences.calculator_states does not exist'}
INFO:     127.0.0.1:53884 - "PUT /api/preferences HTTP/1.1" 500 Internal Server Error
INFO:httpx:HTTP Request: GET https://jtpbkdzlwvtydpbjmjxc.supabase.co/auth/v1/user "HTTP/2 200 OK"
INFO:httpx:HTTP Request: GET https://jtpbkdzlwvtydpbjmjxc.supabase.co/rest/v1/calculator_preferences?select=calculator_states&user_id=eq.66786e49-143f-40c0-bb32-3a10f50ab609 "HTTP/2 400 Bad Request"
Traceback (most recent call last):
  File "/Users/kurtzahner/Desktop/ss-calc-oct-25-main/backend/api/preferences.py", line 117, in update_preferences
    current_response = supabase.table('calculator_preferences').select('calculator_states').eq('user_id', user_id).single().execute()
                       ^^^^^^^^^^^^^^^^^^^^^^^^^^^^^^^^^^^^^^^^^^^^^^^^^^^^^^^^^^^^^^^^^^^^^^^^^^^^^^^^^^^^^^^^^^^^^^^^^^^^^^^^^^^^^^
  File "/Users/kurtzahner/Desktop/ss-calc-oct-25-main/backend/venv/lib/python3.12/site-packages/postgrest/_sync/request_builder.py", line 127, in execute
    raise APIError(r.json())
postgrest.exceptions.APIError: {'code': '42703', 'details': None, 'hint': None, 'message': 'column calculator_preferences.calculator_states does not exist'}
Update preferences error: {'code': '42703', 'details': None, 'hint': None, 'message': 'column calculator_preferences.calculator_states does not exist'}
INFO:     127.0.0.1:54021 - "PUT /api/preferences HTTP/1.1" 500 Internal Server Error
INFO:httpx:HTTP Request: GET https://jtpbkdzlwvtydpbjmjxc.supabase.co/auth/v1/user "HTTP/2 200 OK"
INFO:httpx:HTTP Request: GET https://jtpbkdzlwvtydpbjmjxc.supabase.co/rest/v1/calculator_preferences?select=calculator_states&user_id=eq.66786e49-143f-40c0-bb32-3a10f50ab609 "HTTP/2 400 Bad Request"
Traceback (most recent call last):
  File "/Users/kurtzahner/Desktop/ss-calc-oct-25-main/backend/api/preferences.py", line 117, in update_preferences
    current_response = supabase.table('calculator_preferences').select('calculator_states').eq('user_id', user_id).single().execute()
                       ^^^^^^^^^^^^^^^^^^^^^^^^^^^^^^^^^^^^^^^^^^^^^^^^^^^^^^^^^^^^^^^^^^^^^^^^^^^^^^^^^^^^^^^^^^^^^^^^^^^^^^^^^^^^^^
  File "/Users/kurtzahner/Desktop/ss-calc-oct-25-main/backend/venv/lib/python3.12/site-packages/postgrest/_sync/request_builder.py", line 127, in execute
    raise APIError(r.json())
postgrest.exceptions.APIError: {'code': '42703', 'details': None, 'hint': None, 'message': 'column calculator_preferences.calculator_states does not exist'}
Update preferences error: {'code': '42703', 'details': None, 'hint': None, 'message': 'column calculator_preferences.calculator_states does not exist'}
INFO:     127.0.0.1:54067 - "PUT /api/preferences HTTP/1.1" 500 Internal Server Error
INFO:httpx:HTTP Request: GET https://jtpbkdzlwvtydpbjmjxc.supabase.co/auth/v1/user "HTTP/2 200 OK"
INFO:httpx:HTTP Request: GET https://jtpbkdzlwvtydpbjmjxc.supabase.co/rest/v1/calculator_preferences?select=calculator_states&user_id=eq.66786e49-143f-40c0-bb32-3a10f50ab609 "HTTP/2 400 Bad Request"
Traceback (most recent call last):
  File "/Users/kurtzahner/Desktop/ss-calc-oct-25-main/backend/api/preferences.py", line 117, in update_preferences
    current_response = supabase.table('calculator_preferences').select('calculator_states').eq('user_id', user_id).single().execute()
                       ^^^^^^^^^^^^^^^^^^^^^^^^^^^^^^^^^^^^^^^^^^^^^^^^^^^^^^^^^^^^^^^^^^^^^^^^^^^^^^^^^^^^^^^^^^^^^^^^^^^^^^^^^^^^^^
  File "/Users/kurtzahner/Desktop/ss-calc-oct-25-main/backend/venv/lib/python3.12/site-packages/postgrest/_sync/request_builder.py", line 127, in execute
    raise APIError(r.json())
postgrest.exceptions.APIError: {'code': '42703', 'details': None, 'hint': None, 'message': 'column calculator_preferences.calculator_states does not exist'}
Update preferences error: {'code': '42703', 'details': None, 'hint': None, 'message': 'column calculator_preferences.calculator_states does not exist'}
INFO:     127.0.0.1:54067 - "PUT /api/preferences HTTP/1.1" 500 Internal Server Error
INFO:httpx:HTTP Request: GET https://jtpbkdzlwvtydpbjmjxc.supabase.co/auth/v1/user "HTTP/2 200 OK"
INFO:httpx:HTTP Request: GET https://jtpbkdzlwvtydpbjmjxc.supabase.co/rest/v1/calculator_preferences?select=calculator_states&user_id=eq.66786e49-143f-40c0-bb32-3a10f50ab609 "HTTP/2 400 Bad Request"
Traceback (most recent call last):
  File "/Users/kurtzahner/Desktop/ss-calc-oct-25-main/backend/api/preferences.py", line 117, in update_preferences
    current_response = supabase.table('calculator_preferences').select('calculator_states').eq('user_id', user_id).single().execute()
                       ^^^^^^^^^^^^^^^^^^^^^^^^^^^^^^^^^^^^^^^^^^^^^^^^^^^^^^^^^^^^^^^^^^^^^^^^^^^^^^^^^^^^^^^^^^^^^^^^^^^^^^^^^^^^^^
  File "/Users/kurtzahner/Desktop/ss-calc-oct-25-main/backend/venv/lib/python3.12/site-packages/postgrest/_sync/request_builder.py", line 127, in execute
    raise APIError(r.json())
postgrest.exceptions.APIError: {'code': '42703', 'details': None, 'hint': None, 'message': 'column calculator_preferences.calculator_states does not exist'}
Update preferences error: {'code': '42703', 'details': None, 'hint': None, 'message': 'column calculator_preferences.calculator_states does not exist'}
INFO:     127.0.0.1:54067 - "PUT /api/preferences HTTP/1.1" 500 Internal Server Error
INFO:httpx:HTTP Request: GET https://jtpbkdzlwvtydpbjmjxc.supabase.co/auth/v1/user "HTTP/2 200 OK"
INFO:httpx:HTTP Request: GET https://jtpbkdzlwvtydpbjmjxc.supabase.co/rest/v1/calculator_preferences?select=calculator_states&user_id=eq.66786e49-143f-40c0-bb32-3a10f50ab609 "HTTP/2 400 Bad Request"
Traceback (most recent call last):
  File "/Users/kurtzahner/Desktop/ss-calc-oct-25-main/backend/api/preferences.py", line 117, in update_preferences
    current_response = supabase.table('calculator_preferences').select('calculator_states').eq('user_id', user_id).single().execute()
                       ^^^^^^^^^^^^^^^^^^^^^^^^^^^^^^^^^^^^^^^^^^^^^^^^^^^^^^^^^^^^^^^^^^^^^^^^^^^^^^^^^^^^^^^^^^^^^^^^^^^^^^^^^^^^^^
  File "/Users/kurtzahner/Desktop/ss-calc-oct-25-main/backend/venv/lib/python3.12/site-packages/postgrest/_sync/request_builder.py", line 127, in execute
    raise APIError(r.json())
postgrest.exceptions.APIError: {'code': '42703', 'details': None, 'hint': None, 'message': 'column calculator_preferences.calculator_states does not exist'}
Update preferences error: {'code': '42703', 'details': None, 'hint': None, 'message': 'column calculator_preferences.calculator_states does not exist'}
INFO:     127.0.0.1:54086 - "PUT /api/preferences HTTP/1.1" 500 Internal Server Error
INFO:httpx:HTTP Request: POST https://jtpbkdzlwvtydpbjmjxc.supabase.co/auth/v1/token?grant_type=refresh_token "HTTP/2 200 OK"
INFO:httpx:HTTP Request: POST https://jtpbkdzlwvtydpbjmjxc.supabase.co/auth/v1/token?grant_type=refresh_token "HTTP/2 200 OK"
INFO:httpx:HTTP Request: POST https://jtpbkdzlwvtydpbjmjxc.supabase.co/auth/v1/token?grant_type=refresh_token "HTTP/2 200 OK"
INFO:httpx:HTTP Request: POST https://jtpbkdzlwvtydpbjmjxc.supabase.co/auth/v1/token?grant_type=refresh_token "HTTP/2 200 OK"
INFO:httpx:HTTP Request: POST https://jtpbkdzlwvtydpbjmjxc.supabase.co/auth/v1/token?grant_type=refresh_token "HTTP/2 200 OK"
INFO:httpx:HTTP Request: POST https://jtpbkdzlwvtydpbjmjxc.supabase.co/auth/v1/token?grant_type=refresh_token "HTTP/2 200 OK"
INFO:httpx:HTTP Request: POST https://jtpbkdzlwvtydpbjmjxc.supabase.co/auth/v1/token?grant_type=refresh_token "HTTP/2 200 OK"
INFO:httpx:HTTP Request: POST https://jtpbkdzlwvtydpbjmjxc.supabase.co/auth/v1/token?grant_type=refresh_token "HTTP/2 200 OK"
INFO:httpx:HTTP Request: POST https://jtpbkdzlwvtydpbjmjxc.supabase.co/auth/v1/token?grant_type=refresh_token "HTTP/2 200 OK"
INFO:httpx:HTTP Request: POST https://jtpbkdzlwvtydpbjmjxc.supabase.co/auth/v1/token?grant_type=refresh_token "HTTP/2 200 OK"
INFO:httpx:HTTP Request: POST https://jtpbkdzlwvtydpbjmjxc.supabase.co/auth/v1/token?grant_type=refresh_token "HTTP/2 200 OK"
INFO:httpx:HTTP Request: POST https://jtpbkdzlwvtydpbjmjxc.supabase.co/auth/v1/token?grant_type=refresh_token "HTTP/2 200 OK"
INFO:httpx:HTTP Request: POST https://jtpbkdzlwvtydpbjmjxc.supabase.co/auth/v1/token?grant_type=refresh_token "HTTP/2 200 OK"
INFO:httpx:HTTP Request: POST https://jtpbkdzlwvtydpbjmjxc.supabase.co/auth/v1/token?grant_type=refresh_token "HTTP/2 200 OK"
INFO:httpx:HTTP Request: POST https://jtpbkdzlwvtydpbjmjxc.supabase.co/auth/v1/token?grant_type=refresh_token "HTTP/2 200 OK"
INFO:httpx:HTTP Request: POST https://jtpbkdzlwvtydpbjmjxc.supabase.co/auth/v1/token?grant_type=refresh_token "HTTP/2 200 OK"
INFO:httpx:HTTP Request: POST https://jtpbkdzlwvtydpbjmjxc.supabase.co/auth/v1/token?grant_type=refresh_token "HTTP/2 200 OK"
INFO:httpx:HTTP Request: POST https://jtpbkdzlwvtydpbjmjxc.supabase.co/auth/v1/token?grant_type=refresh_token "HTTP/2 200 OK"
INFO:httpx:HTTP Request: POST https://jtpbkdzlwvtydpbjmjxc.supabase.co/auth/v1/token?grant_type=refresh_token "HTTP/2 200 OK"
INFO:httpx:HTTP Request: POST https://jtpbkdzlwvtydpbjmjxc.supabase.co/auth/v1/token?grant_type=refresh_token "HTTP/2 200 OK"
INFO:httpx:HTTP Request: POST https://jtpbkdzlwvtydpbjmjxc.supabase.co/auth/v1/token?grant_type=refresh_token "HTTP/2 200 OK"
INFO:httpx:HTTP Request: POST https://jtpbkdzlwvtydpbjmjxc.supabase.co/auth/v1/token?grant_type=refresh_token "HTTP/2 200 OK"
INFO:httpx:HTTP Request: POST https://jtpbkdzlwvtydpbjmjxc.supabase.co/auth/v1/token?grant_type=refresh_token "HTTP/2 200 OK"
INFO:httpx:HTTP Request: POST https://jtpbkdzlwvtydpbjmjxc.supabase.co/auth/v1/token?grant_type=refresh_token "HTTP/2 200 OK"
INFO:httpx:HTTP Request: POST https://jtpbkdzlwvtydpbjmjxc.supabase.co/auth/v1/token?grant_type=refresh_token "HTTP/2 200 OK"
INFO:httpx:HTTP Request: POST https://jtpbkdzlwvtydpbjmjxc.supabase.co/auth/v1/token?grant_type=refresh_token "HTTP/2 200 OK"
INFO:httpx:HTTP Request: POST https://jtpbkdzlwvtydpbjmjxc.supabase.co/auth/v1/token?grant_type=refresh_token "HTTP/2 200 OK"
INFO:httpx:HTTP Request: POST https://jtpbkdzlwvtydpbjmjxc.supabase.co/auth/v1/token?grant_type=refresh_token "HTTP/2 200 OK"
INFO:httpx:HTTP Request: POST https://jtpbkdzlwvtydpbjmjxc.supabase.co/auth/v1/token?grant_type=refresh_token "HTTP/2 200 OK"
INFO:httpx:HTTP Request: POST https://jtpbkdzlwvtydpbjmjxc.supabase.co/auth/v1/token?grant_type=refresh_token "HTTP/2 200 OK"
INFO:httpx:HTTP Request: POST https://jtpbkdzlwvtydpbjmjxc.supabase.co/auth/v1/token?grant_type=refresh_token "HTTP/2 200 OK"
INFO:httpx:HTTP Request: POST https://jtpbkdzlwvtydpbjmjxc.supabase.co/auth/v1/token?grant_type=refresh_token "HTTP/2 200 OK"
INFO:httpx:HTTP Request: POST https://jtpbkdzlwvtydpbjmjxc.supabase.co/auth/v1/token?grant_type=refresh_token "HTTP/2 200 OK"
INFO:httpx:HTTP Request: POST https://jtpbkdzlwvtydpbjmjxc.supabase.co/auth/v1/token?grant_type=refresh_token "HTTP/2 200 OK"
INFO:httpx:HTTP Request: POST https://jtpbkdzlwvtydpbjmjxc.supabase.co/auth/v1/token?grant_type=refresh_token "HTTP/2 200 OK"
INFO:httpx:HTTP Request: POST https://jtpbkdzlwvtydpbjmjxc.supabase.co/auth/v1/token?grant_type=refresh_token "HTTP/2 200 OK"
INFO:httpx:HTTP Request: POST https://jtpbkdzlwvtydpbjmjxc.supabase.co/auth/v1/token?grant_type=refresh_token "HTTP/2 200 OK"
INFO:httpx:HTTP Request: POST https://jtpbkdzlwvtydpbjmjxc.supabase.co/auth/v1/token?grant_type=refresh_token "HTTP/2 200 OK"
INFO:httpx:HTTP Request: POST https://jtpbkdzlwvtydpbjmjxc.supabase.co/auth/v1/token?grant_type=refresh_token "HTTP/2 200 OK"
INFO:httpx:HTTP Request: POST https://jtpbkdzlwvtydpbjmjxc.supabase.co/auth/v1/token?grant_type=refresh_token "HTTP/2 200 OK"
INFO:httpx:HTTP Request: POST https://jtpbkdzlwvtydpbjmjxc.supabase.co/auth/v1/token?grant_type=refresh_token "HTTP/2 200 OK"
INFO:httpx:HTTP Request: POST https://jtpbkdzlwvtydpbjmjxc.supabase.co/auth/v1/token?grant_type=refresh_token "HTTP/2 200 OK"
INFO:httpx:HTTP Request: POST https://jtpbkdzlwvtydpbjmjxc.supabase.co/auth/v1/token?grant_type=refresh_token "HTTP/2 200 OK"
INFO:httpx:HTTP Request: POST https://jtpbkdzlwvtydpbjmjxc.supabase.co/auth/v1/token?grant_type=refresh_token "HTTP/2 200 OK"
INFO:httpx:HTTP Request: POST https://jtpbkdzlwvtydpbjmjxc.supabase.co/auth/v1/token?grant_type=refresh_token "HTTP/2 200 OK"
INFO:httpx:HTTP Request: POST https://jtpbkdzlwvtydpbjmjxc.supabase.co/auth/v1/token?grant_type=refresh_token "HTTP/2 200 OK"
INFO:httpx:HTTP Request: POST https://jtpbkdzlwvtydpbjmjxc.supabase.co/auth/v1/token?grant_type=refresh_token "HTTP/2 200 OK"
INFO:httpx:HTTP Request: POST https://jtpbkdzlwvtydpbjmjxc.supabase.co/auth/v1/token?grant_type=refresh_token "HTTP/2 200 OK"
INFO:httpx:HTTP Request: POST https://jtpbkdzlwvtydpbjmjxc.supabase.co/auth/v1/token?grant_type=refresh_token "HTTP/2 200 OK"
INFO:httpx:HTTP Request: POST https://jtpbkdzlwvtydpbjmjxc.supabase.co/auth/v1/token?grant_type=refresh_token "HTTP/2 200 OK"
INFO:httpx:HTTP Request: POST https://jtpbkdzlwvtydpbjmjxc.supabase.co/auth/v1/token?grant_type=refresh_token "HTTP/2 200 OK"
INFO:httpx:HTTP Request: POST https://jtpbkdzlwvtydpbjmjxc.supabase.co/auth/v1/token?grant_type=refresh_token "HTTP/2 200 OK"
INFO:httpx:HTTP Request: POST https://jtpbkdzlwvtydpbjmjxc.supabase.co/auth/v1/token?grant_type=refresh_token "HTTP/2 200 OK"
INFO:httpx:HTTP Request: POST https://jtpbkdzlwvtydpbjmjxc.supabase.co/auth/v1/token?grant_type=refresh_token "HTTP/2 200 OK"
INFO:httpx:HTTP Request: POST https://jtpbkdzlwvtydpbjmjxc.supabase.co/auth/v1/token?grant_type=refresh_token "HTTP/2 200 OK"
INFO:httpx:HTTP Request: POST https://jtpbkdzlwvtydpbjmjxc.supabase.co/auth/v1/token?grant_type=refresh_token "HTTP/2 200 OK"
INFO:httpx:HTTP Request: POST https://jtpbkdzlwvtydpbjmjxc.supabase.co/auth/v1/token?grant_type=refresh_token "HTTP/2 200 OK"
INFO:httpx:HTTP Request: POST https://jtpbkdzlwvtydpbjmjxc.supabase.co/auth/v1/token?grant_type=refresh_token "HTTP/2 200 OK"
INFO:httpx:HTTP Request: POST https://jtpbkdzlwvtydpbjmjxc.supabase.co/auth/v1/token?grant_type=refresh_token "HTTP/2 200 OK"
INFO:httpx:HTTP Request: POST https://jtpbkdzlwvtydpbjmjxc.supabase.co/auth/v1/token?grant_type=refresh_token "HTTP/2 200 OK"
INFO:httpx:HTTP Request: POST https://jtpbkdzlwvtydpbjmjxc.supabase.co/auth/v1/token?grant_type=refresh_token "HTTP/2 200 OK"
INFO:httpx:HTTP Request: POST https://jtpbkdzlwvtydpbjmjxc.supabase.co/auth/v1/token?grant_type=refresh_token "HTTP/2 200 OK"
INFO:httpx:HTTP Request: POST https://jtpbkdzlwvtydpbjmjxc.supabase.co/auth/v1/token?grant_type=refresh_token "HTTP/2 200 OK"
INFO:httpx:HTTP Request: POST https://jtpbkdzlwvtydpbjmjxc.supabase.co/auth/v1/token?grant_type=refresh_token "HTTP/2 200 OK"
INFO:httpx:HTTP Request: POST https://jtpbkdzlwvtydpbjmjxc.supabase.co/auth/v1/token?grant_type=refresh_token "HTTP/2 200 OK"
INFO:httpx:HTTP Request: POST https://jtpbkdzlwvtydpbjmjxc.supabase.co/auth/v1/token?grant_type=refresh_token "HTTP/2 200 OK"
INFO:httpx:HTTP Request: POST https://jtpbkdzlwvtydpbjmjxc.supabase.co/auth/v1/token?grant_type=refresh_token "HTTP/2 200 OK"
INFO:httpx:HTTP Request: POST https://jtpbkdzlwvtydpbjmjxc.supabase.co/auth/v1/token?grant_type=refresh_token "HTTP/2 200 OK"
INFO:httpx:HTTP Request: POST https://jtpbkdzlwvtydpbjmjxc.supabase.co/auth/v1/token?grant_type=refresh_token "HTTP/2 200 OK"
INFO:httpx:HTTP Request: POST https://jtpbkdzlwvtydpbjmjxc.supabase.co/auth/v1/token?grant_type=refresh_token "HTTP/2 200 OK"
INFO:httpx:HTTP Request: POST https://jtpbkdzlwvtydpbjmjxc.supabase.co/auth/v1/token?grant_type=refresh_token "HTTP/2 200 OK"
INFO:httpx:HTTP Request: POST https://jtpbkdzlwvtydpbjmjxc.supabase.co/auth/v1/token?grant_type=refresh_token "HTTP/2 200 OK"
INFO:httpx:HTTP Request: POST https://jtpbkdzlwvtydpbjmjxc.supabase.co/auth/v1/token?grant_type=refresh_token "HTTP/2 200 OK"
INFO:httpx:HTTP Request: POST https://jtpbkdzlwvtydpbjmjxc.supabase.co/auth/v1/token?grant_type=refresh_token "HTTP/2 200 OK"
INFO:httpx:HTTP Request: POST https://jtpbkdzlwvtydpbjmjxc.supabase.co/auth/v1/token?grant_type=refresh_token "HTTP/2 200 OK"
INFO:httpx:HTTP Request: POST https://jtpbkdzlwvtydpbjmjxc.supabase.co/auth/v1/token?grant_type=refresh_token "HTTP/2 200 OK"
INFO:httpx:HTTP Request: POST https://jtpbkdzlwvtydpbjmjxc.supabase.co/auth/v1/token?grant_type=refresh_token "HTTP/2 200 OK"
INFO:httpx:HTTP Request: POST https://jtpbkdzlwvtydpbjmjxc.supabase.co/auth/v1/token?grant_type=refresh_token "HTTP/2 200 OK"
INFO:httpx:HTTP Request: POST https://jtpbkdzlwvtydpbjmjxc.supabase.co/auth/v1/token?grant_type=refresh_token "HTTP/2 200 OK"
INFO:httpx:HTTP Request: POST https://jtpbkdzlwvtydpbjmjxc.supabase.co/auth/v1/token?grant_type=refresh_token "HTTP/2 200 OK"
INFO:httpx:HTTP Request: POST https://jtpbkdzlwvtydpbjmjxc.supabase.co/auth/v1/token?grant_type=refresh_token "HTTP/2 200 OK"
INFO:httpx:HTTP Request: POST https://jtpbkdzlwvtydpbjmjxc.supabase.co/auth/v1/token?grant_type=refresh_token "HTTP/2 200 OK"
INFO:httpx:HTTP Request: POST https://jtpbkdzlwvtydpbjmjxc.supabase.co/auth/v1/token?grant_type=refresh_token "HTTP/2 200 OK"
INFO:httpx:HTTP Request: POST https://jtpbkdzlwvtydpbjmjxc.supabase.co/auth/v1/token?grant_type=refresh_token "HTTP/2 200 OK"
INFO:httpx:HTTP Request: POST https://jtpbkdzlwvtydpbjmjxc.supabase.co/auth/v1/token?grant_type=refresh_token "HTTP/2 200 OK"
INFO:httpx:HTTP Request: POST https://jtpbkdzlwvtydpbjmjxc.supabase.co/auth/v1/token?grant_type=refresh_token "HTTP/2 200 OK"
INFO:httpx:HTTP Request: POST https://jtpbkdzlwvtydpbjmjxc.supabase.co/auth/v1/token?grant_type=refresh_token "HTTP/2 200 OK"
INFO:httpx:HTTP Request: POST https://jtpbkdzlwvtydpbjmjxc.supabase.co/auth/v1/token?grant_type=refresh_token "HTTP/2 200 OK"
INFO:httpx:HTTP Request: POST https://jtpbkdzlwvtydpbjmjxc.supabase.co/auth/v1/token?grant_type=refresh_token "HTTP/2 200 OK"
INFO:httpx:HTTP Request: POST https://jtpbkdzlwvtydpbjmjxc.supabase.co/auth/v1/token?grant_type=refresh_token "HTTP/2 200 OK"
